<?xml version="1.0" encoding="UTF-8"?>
<!-- Generated by org.testng.reporters.JUnitXMLReporter -->
<testsuite ignored="0" hostname="DESKTOP-EERNBS1" failures="0" tests="9" name="Assignment One Test" time="50.509" errors="0" timestamp="2026-03-24T22:21:02 IST">
  <testcase classname="playwright.tests.Assignment_one" name="VerifyHideButton" time="0.264"/>
  <testcase classname="playwright.tests.Assignment_one" name="VerifyEnabledbutton" time="0.12"/>
  <testcase classname="playwright.tests.Assignment_one" name="VerifyHomebutton" time="1.036"/>
  <testcase classname="playwright.tests.AssignmentTest_Two" name="VerifyConfirmdialogwindow" time="0.103"/>
  <testcase classname="playwright.tests.AssignmentTest_Two" name="VerifyallRadiobuttons" time="0.257"/>
  <testcase classname="playwright.tests.AssignmentTest_Two" name="VerifyIframeElements" time="0.095"/>
  <testcase classname="playwright.tests.AssignmentTest_Three" name="VerifySelectelements" time="1.193"/>
  <testcase classname="playwright.tests.AssignmentTest_Three" name="VerifyMultiSelectelement" time="0.392"/>
  <testcase classname="playwright.tests.Assignment_Four" name="VerifyHomeLinkOnNewTab" time="2.234"/>
</testsuite> <!-- Assignment One Test -->
