<?xml version="1.0" encoding="UTF-8"?>
<!-- Generated by org.testng.reporters.JUnitXMLReporter -->
<testsuite ignored="0" hostname="DESKTOP-EERNBS1" failures="0" tests="3" name="Default test" time="25.667" errors="0" timestamp="2026-03-24T19:34:19 IST">
  <testcase classname="NessPlayWrightBatch.PlayWrightScripts.Assignment_one" name="VerifyHideButton" time="0.12"/>
  <testcase classname="NessPlayWrightBatch.PlayWrightScripts.Assignment_one" name="VerifyEnabledbutton" time="0.073"/>
  <testcase classname="NessPlayWrightBatch.PlayWrightScripts.Assignment_one" name="VerifyHomebutton" time="0.759"/>
</testsuite> <!-- Default test -->
