<?xml version="1.0" encoding="UTF-8"?>
<testsuite xmlns:xsi="http://www.w3.org/2001/XMLSchema-instance" xsi:noNamespaceSchemaLocation="https://maven.apache.org/surefire/maven-surefire-plugin/xsd/surefire-test-report-3.0.xsd" version="3.0" name="TestSuite" time="51.174" tests="9" errors="0" skipped="0" failures="0">
  <properties>
[...]
</properties>
  <testcase name="VerifyHideButton" classname="playwright.tests.Assignment_one" time="0.26">
    <system-out><![CDATA[Clearing browser cache
]]></system-out>
    <system-err><![CDATA[SLF4J(W): No SLF4J providers were found.
SLF4J(W): Defaulting to no-operation (NOP) logger implementation
SLF4J(W): See https://www.slf4j.org/codes.html#noProviders for further details.
]]></system-err>
  </testcase>
  <testcase name="VerifyEnabledbutton" classname="playwright.tests.Assignment_one" time="0.109">
    <system-out><![CDATA[Navigate to the page
Clearing browser cache
]]></system-out>
  </testcase>
  <testcase name="VerifyHomebutton" classname="playwright.tests.Assignment_one" time="1.034">
    <system-out><![CDATA[Navigate to the page
Clearing browser cache
]]></system-out>
  </testcase>
  <testcase name="VerifyConfirmdialogwindow" classname="playwright.tests.AssignmentTest_Two" time="0.103">
    <system-out><![CDATA[Navigate to the page
Clearing browser cache
]]></system-out>
  </testcase>
  <testcase name="VerifyallRadiobuttons" classname="playwright.tests.AssignmentTest_Two" time="0.255">
    <system-out><![CDATA[Navigate to the page
Clearing browser cache
]]></system-out>
  </testcase>
  <testcase name="VerifyIframeElements" classname="playwright.tests.AssignmentTest_Two" time="0.096">
    <system-out><![CDATA[Navigate to the page
Clearing browser cache
]]></system-out>
  </testcase>
  <testcase name="VerifySelectelements" classname="playwright.tests.AssignmentTest_Three" time="1.193">
    <system-out><![CDATA[Navigate to the page
Clearing browser cache
]]></system-out>
  </testcase>
  <testcase name="VerifyMultiSelectelement" classname="playwright.tests.AssignmentTest_Three" time="0.392">
    <system-out><![CDATA[Navigate to the page
Clearing browser cache
]]></system-out>
  </testcase>
  <testcase name="VerifyHomeLinkOnNewTab" classname="playwright.tests.Assignment_Four" time="2.232">
    <system-out><![CDATA[Navigate to the page
Clearing browser cache
]]></system-out>
  </testcase>
</testsuite>