<?xml version="1.0" encoding="UTF-8"?>
<testng-results ignored="0" total="9" passed="9" failed="0" skipped="0">
  <reporter-output>
  </reporter-output>
  <suite started-at="2026-03-24T22:03:05 IST" name="Playwright Suite" finished-at="2026-03-24T22:03:58 IST" duration-ms="53129">
    <groups>
    </groups>
    <test started-at="2026-03-24T22:03:05 IST" name="Assignment One Test" finished-at="2026-03-24T22:03:58 IST" duration-ms="53129">
      <class name="playwright.tests.Assignment_Four">
        <test-method is-config="true" signature="StartTest()[pri:0, instance:playwright.tests.Assignment_Four@4135c3b]" started-at="2026-03-24T22:03:48 IST" name="StartTest" finished-at="2026-03-24T22:03:56 IST" duration-ms="7692" status="PASS">
          <reporter-output>
          </reporter-output>
        </test-method> <!-- StartTest -->
        <test-method is-config="true" signature="ClearBrowserCache()[pri:0, instance:playwright.tests.Assignment_Four@4135c3b]" started-at="2026-03-24T22:03:56 IST" name="ClearBrowserCache" finished-at="2026-03-24T22:03:56 IST" duration-ms="1" status="PASS">
          <reporter-output>
          </reporter-output>
        </test-method> <!-- ClearBrowserCache -->
        <test-method signature="VerifyHomeLinkOnNewTab()[pri:0, instance:playwright.tests.Assignment_Four@4135c3b]" started-at="2026-03-24T22:03:56 IST" name="VerifyHomeLinkOnNewTab" finished-at="2026-03-24T22:03:58 IST" duration-ms="1963" status="PASS">
          <reporter-output>
          </reporter-output>
        </test-method> <!-- VerifyHomeLinkOnNewTab -->
        <test-method is-config="true" signature="Navigate()[pri:0, instance:playwright.tests.Assignment_Four@4135c3b]" started-at="2026-03-24T22:03:58 IST" name="Navigate" finished-at="2026-03-24T22:03:58 IST" duration-ms="1" status="PASS">
          <reporter-output>
          </reporter-output>
        </test-method> <!-- Navigate -->
        <test-method is-config="true" signature="CloseTest()[pri:0, instance:playwright.tests.Assignment_Four@4135c3b]" started-at="2026-03-24T22:03:58 IST" name="CloseTest" finished-at="2026-03-24T22:03:58 IST" duration-ms="591" status="PASS">
          <reporter-output>
          </reporter-output>
        </test-method> <!-- CloseTest -->
      </class> <!-- playwright.tests.Assignment_Four -->
      <class name="playwright.tests.AssignmentTest_Two">
        <test-method is-config="true" signature="StartTest()[pri:0, instance:playwright.tests.AssignmentTest_Two@4562e04d]" started-at="2026-03-24T22:03:35 IST" name="StartTest" finished-at="2026-03-24T22:03:43 IST" duration-ms="7750" status="PASS">
          <reporter-output>
          </reporter-output>
        </test-method> <!-- StartTest -->
        <test-method is-config="true" signature="ClearBrowserCache()[pri:0, instance:playwright.tests.AssignmentTest_Two@4562e04d]" started-at="2026-03-24T22:03:43 IST" name="ClearBrowserCache" finished-at="2026-03-24T22:03:43 IST" duration-ms="1" status="PASS">
          <reporter-output>
          </reporter-output>
        </test-method> <!-- ClearBrowserCache -->
        <test-method signature="VerifyConfirmdialogwindow()[pri:1, instance:playwright.tests.AssignmentTest_Two@4562e04d]" started-at="2026-03-24T22:03:43 IST" name="VerifyConfirmdialogwindow" finished-at="2026-03-24T22:03:43 IST" duration-ms="106" status="PASS">
          <reporter-output>
          </reporter-output>
        </test-method> <!-- VerifyConfirmdialogwindow -->
        <test-method is-config="true" signature="Navigate()[pri:0, instance:playwright.tests.AssignmentTest_Two@4562e04d]" started-at="2026-03-24T22:03:43 IST" name="Navigate" finished-at="2026-03-24T22:03:43 IST" duration-ms="1" status="PASS">
          <reporter-output>
          </reporter-output>
        </test-method> <!-- Navigate -->
        <test-method is-config="true" signature="ClearBrowserCache()[pri:0, instance:playwright.tests.AssignmentTest_Two@4562e04d]" started-at="2026-03-24T22:03:43 IST" name="ClearBrowserCache" finished-at="2026-03-24T22:03:43 IST" duration-ms="1" status="PASS">
          <reporter-output>
          </reporter-output>
        </test-method> <!-- ClearBrowserCache -->
        <test-method signature="VerifyallRadiobuttons()[pri:2, instance:playwright.tests.AssignmentTest_Two@4562e04d]" started-at="2026-03-24T22:03:43 IST" name="VerifyallRadiobuttons" finished-at="2026-03-24T22:03:43 IST" duration-ms="231" status="PASS">
          <reporter-output>
          </reporter-output>
        </test-method> <!-- VerifyallRadiobuttons -->
        <test-method is-config="true" signature="Navigate()[pri:0, instance:playwright.tests.AssignmentTest_Two@4562e04d]" started-at="2026-03-24T22:03:43 IST" name="Navigate" finished-at="2026-03-24T22:03:43 IST" duration-ms="1" status="PASS">
          <reporter-output>
          </reporter-output>
        </test-method> <!-- Navigate -->
        <test-method signature="VerifyIframeElements()[pri:3, instance:playwright.tests.AssignmentTest_Two@4562e04d]" started-at="2026-03-24T22:03:43 IST" name="VerifyIframeElements" finished-at="2026-03-24T22:03:43 IST" duration-ms="97" status="PASS">
          <reporter-output>
          </reporter-output>
        </test-method> <!-- VerifyIframeElements -->
        <test-method is-config="true" signature="ClearBrowserCache()[pri:0, instance:playwright.tests.AssignmentTest_Two@4562e04d]" started-at="2026-03-24T22:03:43 IST" name="ClearBrowserCache" finished-at="2026-03-24T22:03:43 IST" duration-ms="0" status="PASS">
          <reporter-output>
          </reporter-output>
        </test-method> <!-- ClearBrowserCache -->
        <test-method is-config="true" signature="Navigate()[pri:0, instance:playwright.tests.AssignmentTest_Two@4562e04d]" started-at="2026-03-24T22:03:43 IST" name="Navigate" finished-at="2026-03-24T22:03:43 IST" duration-ms="1" status="PASS">
          <reporter-output>
          </reporter-output>
        </test-method> <!-- Navigate -->
        <test-method is-config="true" signature="CloseTest()[pri:0, instance:playwright.tests.AssignmentTest_Two@4562e04d]" started-at="2026-03-24T22:03:43 IST" name="CloseTest" finished-at="2026-03-24T22:03:44 IST" duration-ms="423" status="PASS">
          <reporter-output>
          </reporter-output>
        </test-method> <!-- CloseTest -->
      </class> <!-- playwright.tests.AssignmentTest_Two -->
      <class name="playwright.tests.AssignmentTest_Three">
        <test-method is-config="true" signature="StartTest()[pri:0, instance:playwright.tests.AssignmentTest_Three@2a65fe7c]" started-at="2026-03-24T22:03:44 IST" name="StartTest" finished-at="2026-03-24T22:03:45 IST" duration-ms="1397" status="PASS">
          <reporter-output>
          </reporter-output>
        </test-method> <!-- StartTest -->
        <test-method is-config="true" signature="ClearBrowserCache()[pri:0, instance:playwright.tests.AssignmentTest_Three@2a65fe7c]" started-at="2026-03-24T22:03:45 IST" name="ClearBrowserCache" finished-at="2026-03-24T22:03:45 IST" duration-ms="1" status="PASS">
          <reporter-output>
          </reporter-output>
        </test-method> <!-- ClearBrowserCache -->
        <test-method signature="VerifySelectelements()[pri:1, instance:playwright.tests.AssignmentTest_Three@2a65fe7c]" started-at="2026-03-24T22:03:45 IST" name="VerifySelectelements" finished-at="2026-03-24T22:03:47 IST" duration-ms="1626" status="PASS">
          <reporter-output>
          </reporter-output>
        </test-method> <!-- VerifySelectelements -->
        <test-method is-config="true" signature="Navigate()[pri:0, instance:playwright.tests.AssignmentTest_Three@2a65fe7c]" started-at="2026-03-24T22:03:47 IST" name="Navigate" finished-at="2026-03-24T22:03:47 IST" duration-ms="1" status="PASS">
          <reporter-output>
          </reporter-output>
        </test-method> <!-- Navigate -->
        <test-method is-config="true" signature="ClearBrowserCache()[pri:0, instance:playwright.tests.AssignmentTest_Three@2a65fe7c]" started-at="2026-03-24T22:03:47 IST" name="ClearBrowserCache" finished-at="2026-03-24T22:03:47 IST" duration-ms="0" status="PASS">
          <reporter-output>
          </reporter-output>
        </test-method> <!-- ClearBrowserCache -->
        <test-method signature="VerifyMultiSelectelement()[pri:2, instance:playwright.tests.AssignmentTest_Three@2a65fe7c]" started-at="2026-03-24T22:03:47 IST" name="VerifyMultiSelectelement" finished-at="2026-03-24T22:03:48 IST" duration-ms="937" status="PASS">
          <reporter-output>
          </reporter-output>
        </test-method> <!-- VerifyMultiSelectelement -->
        <test-method is-config="true" signature="Navigate()[pri:0, instance:playwright.tests.AssignmentTest_Three@2a65fe7c]" started-at="2026-03-24T22:03:48 IST" name="Navigate" finished-at="2026-03-24T22:03:48 IST" duration-ms="0" status="PASS">
          <reporter-output>
          </reporter-output>
        </test-method> <!-- Navigate -->
        <test-method is-config="true" signature="CloseTest()[pri:0, instance:playwright.tests.AssignmentTest_Three@2a65fe7c]" started-at="2026-03-24T22:03:48 IST" name="CloseTest" finished-at="2026-03-24T22:03:48 IST" duration-ms="421" status="PASS">
          <reporter-output>
          </reporter-output>
        </test-method> <!-- CloseTest -->
      </class> <!-- playwright.tests.AssignmentTest_Three -->
      <class name="playwright.tests.Assignment_one">
        <test-method is-config="true" signature="StartTest()[pri:0, instance:playwright.tests.Assignment_one@18078bef]" started-at="2026-03-24T22:03:05 IST" name="StartTest" finished-at="2026-03-24T22:03:33 IST" duration-ms="28133" status="PASS">
          <reporter-output>
          </reporter-output>
        </test-method> <!-- StartTest -->
        <test-method is-config="true" signature="ClearBrowserCache()[pri:0, instance:playwright.tests.Assignment_one@18078bef]" started-at="2026-03-24T22:03:33 IST" name="ClearBrowserCache" finished-at="2026-03-24T22:03:33 IST" duration-ms="1" status="PASS">
          <reporter-output>
          </reporter-output>
        </test-method> <!-- ClearBrowserCache -->
        <test-method signature="VerifyHideButton()[pri:1, instance:playwright.tests.Assignment_one@18078bef]" started-at="2026-03-24T22:03:33 IST" name="VerifyHideButton" finished-at="2026-03-24T22:03:34 IST" duration-ms="232" status="PASS">
          <reporter-output>
          </reporter-output>
        </test-method> <!-- VerifyHideButton -->
        <test-method is-config="true" signature="Navigate()[pri:0, instance:playwright.tests.Assignment_one@18078bef]" started-at="2026-03-24T22:03:34 IST" name="Navigate" finished-at="2026-03-24T22:03:34 IST" duration-ms="1" status="PASS">
          <reporter-output>
          </reporter-output>
        </test-method> <!-- Navigate -->
        <test-method is-config="true" signature="ClearBrowserCache()[pri:0, instance:playwright.tests.Assignment_one@18078bef]" started-at="2026-03-24T22:03:34 IST" name="ClearBrowserCache" finished-at="2026-03-24T22:03:34 IST" duration-ms="1" status="PASS">
          <reporter-output>
          </reporter-output>
        </test-method> <!-- ClearBrowserCache -->
        <test-method signature="VerifyEnabledbutton()[pri:2, instance:playwright.tests.Assignment_one@18078bef]" started-at="2026-03-24T22:03:34 IST" name="VerifyEnabledbutton" finished-at="2026-03-24T22:03:34 IST" duration-ms="110" status="PASS">
          <reporter-output>
          </reporter-output>
        </test-method> <!-- VerifyEnabledbutton -->
        <test-method is-config="true" signature="Navigate()[pri:0, instance:playwright.tests.Assignment_one@18078bef]" started-at="2026-03-24T22:03:34 IST" name="Navigate" finished-at="2026-03-24T22:03:34 IST" duration-ms="1" status="PASS">
          <reporter-output>
          </reporter-output>
        </test-method> <!-- Navigate -->
        <test-method signature="VerifyHomebutton()[pri:3, instance:playwright.tests.Assignment_one@18078bef]" started-at="2026-03-24T22:03:34 IST" name="VerifyHomebutton" finished-at="2026-03-24T22:03:35 IST" duration-ms="856" status="PASS">
          <reporter-output>
          </reporter-output>
        </test-method> <!-- VerifyHomebutton -->
        <test-method is-config="true" signature="ClearBrowserCache()[pri:0, instance:playwright.tests.Assignment_one@18078bef]" started-at="2026-03-24T22:03:34 IST" name="ClearBrowserCache" finished-at="2026-03-24T22:03:34 IST" duration-ms="0" status="PASS">
          <reporter-output>
          </reporter-output>
        </test-method> <!-- ClearBrowserCache -->
        <test-method is-config="true" signature="Navigate()[pri:0, instance:playwright.tests.Assignment_one@18078bef]" started-at="2026-03-24T22:03:35 IST" name="Navigate" finished-at="2026-03-24T22:03:35 IST" duration-ms="1" status="PASS">
          <reporter-output>
          </reporter-output>
        </test-method> <!-- Navigate -->
        <test-method is-config="true" signature="CloseTest()[pri:0, instance:playwright.tests.Assignment_one@18078bef]" started-at="2026-03-24T22:03:35 IST" name="CloseTest" finished-at="2026-03-24T22:03:35 IST" duration-ms="419" status="PASS">
          <reporter-output>
          </reporter-output>
        </test-method> <!-- CloseTest -->
      </class> <!-- playwright.tests.Assignment_one -->
    </test> <!-- Assignment One Test -->
  </suite> <!-- Playwright Suite -->
</testng-results>
