<?xml version="1.0" encoding="UTF-8"?>
<!-- Generated by org.testng.reporters.JUnitXMLReporter -->
<testsuite ignored="0" hostname="DESKTOP-EERNBS1" failures="0" tests="9" name="Assignment One Test" time="53.129" errors="0" timestamp="2026-03-24T22:03:58 IST">
  <testcase classname="playwright.tests.Assignment_one" name="VerifyHideButton" time="0.232"/>
  <testcase classname="playwright.tests.Assignment_one" name="VerifyEnabledbutton" time="0.11"/>
  <testcase classname="playwright.tests.Assignment_one" name="VerifyHomebutton" time="0.856"/>
  <testcase classname="playwright.tests.AssignmentTest_Two" name="VerifyConfirmdialogwindow" time="0.106"/>
  <testcase classname="playwright.tests.AssignmentTest_Two" name="VerifyallRadiobuttons" time="0.231"/>
  <testcase classname="playwright.tests.AssignmentTest_Two" name="VerifyIframeElements" time="0.097"/>
  <testcase classname="playwright.tests.AssignmentTest_Three" name="VerifySelectelements" time="1.626"/>
  <testcase classname="playwright.tests.AssignmentTest_Three" name="VerifyMultiSelectelement" time="0.937"/>
  <testcase classname="playwright.tests.Assignment_Four" name="VerifyHomeLinkOnNewTab" time="1.963"/>
</testsuite> <!-- Assignment One Test -->
