<?xml version="1.0" encoding="UTF-8"?>
<!-- Generated by org.testng.reporters.JUnitReportReporter -->
<testsuite hostname="DESKTOP-EERNBS1" failures="0" tests="2" name="playwright.tests.AssignmentTest_Three" time="2.565" errors="0" timestamp="2026-03-24T22:03:59 IST" skipped="0">
  <testcase classname="playwright.tests.AssignmentTest_Three" name="VerifySelectelements" time="1.627"/>
  <testcase classname="playwright.tests.AssignmentTest_Three" name="VerifyMultiSelectelement" time="0.938"/>
</testsuite> <!-- playwright.tests.AssignmentTest_Three -->
