<?xml version="1.0" encoding="UTF-8"?>
<!-- Generated by org.testng.reporters.JUnitReportReporter -->
<testsuite hostname="DESKTOP-K064CHT" failures="0" tests="1" name="NessPlayWrightBatch.PlayWrightScripts.TestEnableDisableFunctionality" time="0.298" errors="0" timestamp="2026-03-16T10:49:24 IST" skipped="0">
  <testcase classname="NessPlayWrightBatch.PlayWrightScripts.TestEnableDisableFunctionality" name="TestDisableButton" time="0.298"/>
</testsuite> <!-- NessPlayWrightBatch.PlayWrightScripts.TestEnableDisableFunctionality -->
