<?xml version="1.0" encoding="UTF-8"?>
<!-- Generated by org.testng.reporters.JUnitReportReporter -->
<testsuite hostname="DESKTOP-EERNBS1" failures="0" tests="3" name="NessPlayWrightBatch.PlayWrightScripts.AssignmentTest_Two" time="0.435" errors="0" timestamp="2026-03-24T19:59:49 IST" skipped="0">
  <testcase classname="NessPlayWrightBatch.PlayWrightScripts.AssignmentTest_Two" name="VerifyConfirmdialogwindow" time="0.103"/>
  <testcase classname="NessPlayWrightBatch.PlayWrightScripts.AssignmentTest_Two" name="VerifyallRadiobuttons" time="0.243"/>
  <testcase classname="NessPlayWrightBatch.PlayWrightScripts.AssignmentTest_Two" name="VerifyIframeElements" time="0.089"/>
</testsuite> <!-- NessPlayWrightBatch.PlayWrightScripts.AssignmentTest_Two -->
