<?xml version="1.0" encoding="UTF-8"?>
<!-- Generated by org.testng.reporters.JUnitReportReporter -->
<testsuite hostname="DESKTOP-EERNBS1" failures="0" tests="3" name="NessPlayWrightBatch.PlayWrightScripts.Assignment_one" time="1.072" errors="0" timestamp="2026-03-24T19:59:49 IST" skipped="0">
  <testcase classname="NessPlayWrightBatch.PlayWrightScripts.Assignment_one" name="VerifyHideButton" time="0.244"/>
  <testcase classname="NessPlayWrightBatch.PlayWrightScripts.Assignment_one" name="VerifyEnabledbutton" time="0.124"/>
  <testcase classname="NessPlayWrightBatch.PlayWrightScripts.Assignment_one" name="VerifyHomebutton" time="0.704"/>
</testsuite> <!-- NessPlayWrightBatch.PlayWrightScripts.Assignment_one -->
