<?xml version="1.0" encoding="UTF-8"?>
<!-- Generated by org.testng.reporters.JUnitReportReporter -->
<testsuite hostname="DESKTOP-EERNBS1" failures="0" tests="3" name="playwright.tests.AssignmentTest_Two" time="0.439" errors="0" timestamp="2026-03-24T22:03:59 IST" skipped="0">
  <testcase classname="playwright.tests.AssignmentTest_Two" name="VerifyConfirmdialogwindow" time="0.108"/>
  <testcase classname="playwright.tests.AssignmentTest_Two" name="VerifyallRadiobuttons" time="0.233"/>
  <testcase classname="playwright.tests.AssignmentTest_Two" name="VerifyIframeElements" time="0.098"/>
</testsuite> <!-- playwright.tests.AssignmentTest_Two -->
