<?xml version="1.0" encoding="UTF-8"?>
<!-- Generated by org.testng.reporters.JUnitReportReporter -->
<testsuite hostname="DESKTOP-EERNBS1" failures="0" tests="2" name="NessPlayWrightBatch.PlayWrightScripts.AssignmentTest_Three" time="1.700" errors="0" timestamp="2026-03-24T19:59:49 IST" skipped="0">
  <testcase classname="NessPlayWrightBatch.PlayWrightScripts.AssignmentTest_Three" name="VerifySelectelements" time="1.287"/>
  <testcase classname="NessPlayWrightBatch.PlayWrightScripts.AssignmentTest_Three" name="VerifyMultiSelectelement" time="0.413"/>
</testsuite> <!-- NessPlayWrightBatch.PlayWrightScripts.AssignmentTest_Three -->
