<?xml version="1.0" encoding="UTF-8"?>
<!-- Generated by org.testng.reporters.JUnitReportReporter -->
<testsuite hostname="DESKTOP-EERNBS1" failures="0" tests="3" name="playwright.tests.Assignment_one" time="1.203" errors="0" timestamp="2026-03-24T22:03:59 IST" skipped="0">
  <testcase classname="playwright.tests.Assignment_one" name="VerifyHideButton" time="0.233"/>
  <testcase classname="playwright.tests.Assignment_one" name="VerifyEnabledbutton" time="0.112"/>
  <testcase classname="playwright.tests.Assignment_one" name="VerifyHomebutton" time="0.858"/>
</testsuite> <!-- playwright.tests.Assignment_one -->
