<?xml version="1.0" encoding="UTF-8"?>
<!-- Generated by org.testng.reporters.JUnitReportReporter -->
<testsuite hostname="DESKTOP-EERNBS1" failures="0" tests="3" name="playwright.tests.Assignment_one" time="1.426" errors="0" timestamp="2026-03-24T22:21:02 IST" skipped="0">
  <testcase classname="playwright.tests.Assignment_one" name="VerifyHideButton" time="0.265"/>
  <testcase classname="playwright.tests.Assignment_one" name="VerifyEnabledbutton" time="0.123"/>
  <testcase classname="playwright.tests.Assignment_one" name="VerifyHomebutton" time="1.038"/>
</testsuite> <!-- playwright.tests.Assignment_one -->
